<?xml version="1.0" encoding="UTF-8"?>
<testsuite xmlns:xsi="http://www.w3.org/2001/XMLSchema-instance" xsi:noNamespaceSchemaLocation="https://maven.apache.org/surefire/maven-surefire-plugin/xsd/surefire-test-report-3.0.xsd" version="3.0" name="com.algorithms.closest.ClosestPairTest" time="0.209" tests="3" errors="0" skipped="0" failures="0">
  <properties>
[...]
</properties>
  <testcase name="testLargeOnlyFast" classname="com.algorithms.closest.ClosestPairTest" time="0.076">
    <system-out><![CDATA[Fast result (n=5000): 0.16675489637976484
]]></system-out>
  </testcase>
  <testcase name="testVariousSizes" classname="com.algorithms.closest.ClosestPairTest" time="0.092">
    <system-out><![CDATA[n=2 → closest=583.4245715713414
n=4 → closest=235.10610543534114
n=8 → closest=8.634383855565291
n=10 → closest=23.101167166125762
n=50 → closest=11.979913402106531
n=100 → closest=2.2084622425882694
n=200 → closest=2.442053414498797
n=500 → closest=0.47328388582874475
n=1000 → closest=0.6745474459255857
n=2000 → closest=0.358116664534184
n=3000 → closest=0.2667640032340531
n=4000 → closest=0.15730189749268567
n=5000 → closest=0.2878217300635156
]]></system-out>
  </testcase>
  <testcase name="testSmallValidation" classname="com.algorithms.closest.ClosestPairTest" time="0.008"/>
</testsuite>